Importer Log Report
Document: C:\Users\dwagn\OneDrive\Documents\KiCad\DW_Library.pretty
    Section : Analyze Document from - C:\Users\dwagn\OneDrive\Documents\KiCad\DW_Library.pretty
        Warning: Unknown child stroke of fp_rect.
        Warning: Unknown child stroke of fp_rect.
        Warning: Unknown child thermal_bridge_angle of pad.
        Warning: Unknown child thermal_bridge_angle of pad.
        Warning: Unknown child thermal_bridge_angle of pad.
        Warning: Unknown child stroke of fp_line.
        Warning: Unknown child stroke of fp_line.
        Warning: Unknown child stroke of fp_line.
        Warning: Unknown child stroke of fp_line.
        Warning: Unknown child stroke of fp_line.
        Warning: Unknown child stroke of fp_line.
        Warning: Unknown child stroke of fp_line.
        Warning: Unknown child stroke of fp_line.
        Warning: Unknown child stroke of fp_line.
        Warning: Unknown child stroke of fp_line.
        Warning: Unknown child stroke of fp_line.
        Warning: Unknown child stroke of fp_line.
        Warning: Unknown child stroke of fp_line.
        Warning: Unknown child stroke of fp_line.
        Warning: Unknown child stroke of fp_line.
        Warning: Unknown child stroke of fp_line.
        Warning: Unknown child stroke of fp_line.
        Warning: Unknown child stroke of fp_line.
        Warning: Unknown child stroke of fp_line.
        Warning: Unknown child stroke of fp_line.
        Warning: Unknown child stroke of fp_line.
        Warning: Unknown child stroke of fp_line.
        Warning: Unknown child stroke of fp_line.
        Warning: Unknown child stroke of fp_line.
        Warning: Unknown child stroke of fp_line.
        Warning: Unknown child stroke of fp_line.
        Warning: Unknown child stroke of fp_line.
        Warning: Unknown child stroke of fp_line.
        Warning: Unknown child stroke of fp_line.
        Warning: Unknown child stroke of fp_line.
        Warning: Unknown child stroke of fp_line.
        Warning: Unknown child stroke of fp_line.
        Warning: Unknown child stroke of fp_line.
        Warning: Unknown child stroke of fp_line.
        Warning: Unknown child stroke of fp_rect.
        Warning: Unknown layer F&B.Cu of layers.
        Warning: Pad name is empty, autogenerated name 'Un1' assigned to pad pad.
        Warning: Unknown layer F&B.Cu of layers.
        Warning: Pad name is empty, autogenerated name 'Un2' assigned to pad pad.
        Warning: Unknown child stroke of fp_poly.
        Warning: Unknown child stroke of fp_poly.
        Warning: Unknown child stroke of fp_poly.
        Warning: Unknown child stroke of fp_poly.
        Warning: Unknown child stroke of fp_poly.
        Warning: Unknown child stroke of fp_poly.
        Warning: Unknown child stroke of fp_poly.
        Warning: Unknown child stroke of fp_poly.
        Warning: Unknown child stroke of fp_poly.
        Warning: Unknown child stroke of fp_poly.
        Warning: Unknown child stroke of fp_poly.
        Warning: Unknown child stroke of fp_poly.
        Warning: Unknown child stroke of fp_poly.
        Warning: Unknown child stroke of fp_poly.
        Warning: Unknown child stroke of fp_poly.
        Warning: Unknown child stroke of fp_poly.
        Warning: Unknown child stroke of fp_poly.
        Warning: Unknown child stroke of fp_poly.
        Warning: Unknown child stroke of fp_poly.
        Warning: Unknown child stroke of fp_poly.
        Warning: Unknown child stroke of fp_poly.
        Warning: Unknown child stroke of fp_poly.
        Warning: Unknown child stroke of fp_poly.
        Warning: Unknown child stroke of fp_poly.
        Warning: Unknown child stroke of fp_poly.
        Warning: Unknown child stroke of fp_poly.
        Warning: Unknown child stroke of fp_poly.
        Warning: Unknown child stroke of fp_poly.
        Warning: Unknown child stroke of fp_poly.
        Warning: Unknown child stroke of fp_poly.
        Warning: Unknown child stroke of fp_poly.
        Warning: Unknown child stroke of fp_line.
        Warning: Unknown child stroke of fp_line.
        Warning: Unknown child stroke of fp_line.
        Warning: Unknown child stroke of fp_line.
        Warning: Unknown child stroke of fp_line.
        Warning: Unknown child stroke of fp_line.
        Warning: Unknown child stroke of fp_line.
        Warning: Unknown child stroke of fp_line.
        Warning: Unknown child stroke of fp_circle.
        Warning: Unknown child stroke of fp_poly.
        Warning: Unknown child stroke of fp_poly.
        Warning: Unknown child stroke of fp_poly.
        Warning: Unknown child stroke of fp_poly.
        Warning: Unknown child stroke of fp_poly.
        Warning: Unknown child stroke of fp_poly.
        Warning: Unknown child stroke of fp_poly.
        Warning: Unknown child stroke of fp_poly.
        Warning: Unknown child stroke of fp_poly.
        Warning: Unknown child stroke of fp_poly.
        Warning: Unknown child stroke of fp_poly.
        Warning: Unknown child stroke of fp_poly.
        Warning: Unknown child stroke of fp_poly.
        Warning: Unknown child stroke of fp_poly.
        Warning: Unknown child stroke of fp_poly.
        Warning: Unknown child stroke of fp_poly.
        Warning: Unknown child stroke of fp_poly.
        Warning: Unknown child stroke of fp_poly.
        Warning: Unknown child stroke of fp_poly.
        Warning: Unknown child stroke of fp_poly.
        Warning: Unknown child stroke of fp_poly.
        Warning: Unknown child stroke of fp_line.
        Warning: Unknown child stroke of fp_line.
        Warning: Unknown child stroke of fp_line.
        Warning: Unknown child stroke of fp_line.
        Warning: Unknown child stroke of fp_line.
        Warning: Unknown child stroke of fp_line.
        Warning: Unknown child stroke of fp_line.
        Warning: Unknown child stroke of fp_line.
        Warning: Unknown child stroke of fp_circle.
        Warning: Unknown child stroke of fp_line.
        Warning: Unknown child stroke of fp_line.
        Warning: Unknown child stroke of fp_rect.
        Warning: Unknown child stroke of fp_rect.
        Warning: Unknown child thermal_bridge_angle of pad.
        Warning: Unknown child thermal_bridge_angle of pad.
        Warning: Unknown child stroke of fp_circle.
        Warning: Unknown child stroke of fp_circle.
        Warning: Unknown layer F&B.Cu of layers.
        Warning: Pad name is empty, autogenerated name 'Un1' assigned to pad pad.
        Warning: Unknown child stroke of fp_line.
        Warning: Unknown child stroke of fp_line.
        Warning: Unknown child stroke of fp_line.
        Warning: Unknown child stroke of fp_line.
        Warning: Unknown child stroke of fp_line.
        Warning: Unknown child stroke of fp_line.
        Warning: Unknown child stroke of fp_circle.
        Warning: Unknown child stroke of fp_line.
        Warning: Unknown child stroke of fp_line.
        Warning: Unknown child stroke of fp_line.
        Warning: Unknown child stroke of fp_line.
        Warning: Unknown child stroke of fp_line.
        Warning: Unknown child stroke of fp_line.
        Warning: Unknown child stroke of fp_line.
        Warning: Unknown child stroke of fp_line.
        Warning: Unknown child stroke of fp_line.
        Warning: Unknown child stroke of fp_line.
        Warning: Unknown child stroke of fp_line.
        Warning: Unknown child stroke of fp_circle.
        Warning: Pad name is empty, autogenerated name 'Un1' assigned to pad pad.
        Warning: Pad name is empty, autogenerated name 'Un2' assigned to pad pad.
        Warning: Unknown child stroke of fp_poly.
        Warning: Unknown child stroke of fp_line.
        Warning: Unknown child stroke of fp_line.
        Warning: Unknown child stroke of fp_circle.
        Warning: Unknown child stroke of fp_line.
        Warning: Unknown child stroke of fp_line.
        Warning: Unknown child stroke of fp_line.
        Warning: Unknown child stroke of fp_line.
        Warning: Unknown child stroke of fp_line.
        Warning: Unknown child stroke of fp_line.
        Warning: Unknown child stroke of fp_line.
        Warning: Unknown child stroke of fp_line.
        Warning: Unknown child stroke of fp_circle.
        Warning: Pad name is empty, autogenerated name 'Un1' assigned to pad pad.
        Warning: Pad name is empty, autogenerated name 'Un2' assigned to pad pad.
        Warning: Pad name is empty, autogenerated name 'Un3' assigned to pad pad.
        Warning: Pad name is empty, autogenerated name 'Un4' assigned to pad pad.
        Warning: Unknown child stroke of fp_rect.
        Warning: Unknown child thermal_bridge_angle of pad.
        Warning: Unknown child thermal_bridge_angle of pad.
    EndSection
    Section : Import Document - C:\Users\dwagn\OneDrive\Documents\klotzkin\laser_pulser_project\cc_laser_supply_rev-B\Imported cc_laser_supply_rev-B\DW_Library.PcbLib
        Section : Component REF** importing.
        EndSection
        Section : Component REF** importing.
        EndSection
        Section : Component REF** importing.
        EndSection
        Section : Component REF** importing.
        EndSection
        Section : Component REF** importing.
            Warning: Custom pad '9' shape 'anchor rect' translated to 'eRectangular'
        EndSection
        Section : Component REF** importing.
        EndSection
        Section : Component REF** importing.
        EndSection
        Section : Component REF** importing.
        EndSection
        Section : Component REF** importing.
        EndSection
        Section : Component REF** importing.
        EndSection
        Section : Component REF** importing.
        EndSection
        Section : Component REF** importing.
            Warning: Custom pad '1' shape 'anchor circle' translated to 'eRounded'
        EndSection
        Section : Component REF** importing.
        EndSection
        Section : Component REF** importing.
        EndSection
        Section : Component REF** importing.
        EndSection
    EndSection
